  MyForm.cpp
MyForm.cpp(42): warning C4244: 'argument': conversion from 'int' to 'float', possible loss of data
MyForm.cpp(49): warning C4244: 'argument': conversion from 'int' to 'float', possible loss of data
MyForm.cpp(57): warning C4244: 'argument': conversion from 'int' to 'float', possible loss of data
MyForm.cpp(64): warning C4244: 'argument': conversion from 'int' to 'float', possible loss of data
MyForm.cpp(95): warning C4244: 'argument': conversion from 'int' to 'float', possible loss of data
MyForm.cpp(102): warning C4244: 'initializing': conversion from 'float' to 'int', possible loss of data
MyForm.cpp(103): warning C4244: 'initializing': conversion from 'float' to 'int', possible loss of data
MyForm.cpp(104): warning C4244: 'argument': conversion from 'int' to 'float', possible loss of data
MyForm.cpp(111): warning C4244: 'initializing': conversion from 'float' to 'int', possible loss of data
MyForm.cpp(112): warning C4244: 'initializing': conversion from 'float' to 'int', possible loss of data
MyForm.cpp(113): warning C4244: 'argument': conversion from 'int' to 'float', possible loss of data
MyForm.cpp(119): warning C4244: 'argument': conversion from 'int' to 'float', possible loss of data
MyForm.cpp(233): warning C4244: 'initializing': conversion from 'float' to 'int', possible loss of data
MyForm.cpp(246): warning C4244: 'initializing': conversion from 'float' to 'int', possible loss of data
MyForm.cpp(261): warning C4244: 'initializing': conversion from 'float' to 'int', possible loss of data
MyForm.cpp(262): warning C4244: 'initializing': conversion from 'float' to 'int', possible loss of data
MyForm.cpp(272): warning C4244: 'initializing': conversion from 'float' to 'int', possible loss of data
MyForm.cpp(273): warning C4244: 'initializing': conversion from 'float' to 'int', possible loss of data
MyForm.cpp(280): warning C4244: 'initializing': conversion from 'float' to 'int', possible loss of data
MyForm.cpp(281): warning C4244: 'initializing': conversion from 'float' to 'int', possible loss of data
  Bezier.obj : /DEBUG:FASTLINK is not supported when managed code is present; restarting link with /DEBUG:FULL
  bezier_curves.vcxproj -> D:\bezier_curves\x64\Debug\bezier_curves.exe
  bezier_curves.vcxproj -> D:\bezier_curves\x64\Debug\bezier_curves.pdb (Partial PDB)
